#
# There is insufficient memory for the Java Runtime Environment to continue.
# Native memory allocation (mmap) failed to map 715849728 bytes for committing reserved memory.
# Possible reasons:
#   The system is out of physical RAM or swap space
#   In 32 bit mode, the process size limit was hit
# Possible solutions:
#   Reduce memory load on the system
#   Increase physical memory or swap space
#   Check if swap backing store is full
#   Use 64 bit Java on a 64 bit OS
#   Decrease Java heap size (-Xmx/-Xms)
#   Decrease number of Java threads
#   Decrease Java thread stack sizes (-Xss)
#   Set larger code cache with -XX:ReservedCodeCacheSize=
# This output file may be truncated or incomplete.
#
#  Out of Memory Error (os_linux.cpp:2640), pid=95319, tid=0x00007f44778c8700
#
# JRE version:  (8.0_131-b11) (build )
# Java VM: Java HotSpot(TM) 64-Bit Server VM (25.131-b11 mixed mode linux-amd64 compressed oops)
# Failed to write core dump. Core dumps have been disabled. To enable core dumping, try "ulimit -c unlimited" before starting Java again
#

---------------  T H R E A D  ---------------

Current thread (0x00007f4470009800):  JavaThread "Unknown thread" [_thread_in_vm, id=95320, stack(0x00007f44777c8000,0x00007f44778c9000)]

Stack: [0x00007f44777c8000,0x00007f44778c9000],  sp=0x00007f44778c7350,  free space=1020k
Native frames: (J=compiled Java code, j=interpreted, Vv=VM code, C=native code)
V  [libjvm.so+0xac826a]  VMError::report_and_die()+0x2ba
V  [libjvm.so+0x4fd4cb]  report_vm_out_of_memory(char const*, int, unsigned long, VMErrorType, char const*)+0x8b
V  [libjvm.so+0x924f53]  os::Linux::commit_memory_impl(char*, unsigned long, bool)+0x103
V  [libjvm.so+0x9254a9]  os::pd_commit_memory(char*, unsigned long, unsigned long, bool)+0x29
V  [libjvm.so+0x91f6ca]  os::commit_memory(char*, unsigned long, unsigned long, bool)+0x2a
V  [libjvm.so+0xac3fc9]  VirtualSpace::expand_by(unsigned long, bool)+0x199
V  [libjvm.so+0xac4b1e]  VirtualSpace::initialize(ReservedSpace, unsigned long)+0xee
V  [libjvm.so+0x5fb921]  CardGeneration::CardGeneration(ReservedSpace, unsigned long, int, GenRemSet*)+0xf1
V  [libjvm.so+0xa6ab6f]  TenuredGeneration::TenuredGeneration(ReservedSpace, unsigned long, int, GenRemSet*)+0x5f
V  [libjvm.so+0x5fcc29]  GenerationSpec::init(ReservedSpace, int, GenRemSet*)+0x339
V  [libjvm.so+0x5eb81e]  GenCollectedHeap::initialize()+0x1de
V  [libjvm.so+0xa902e3]  Universe::initialize_heap()+0xf3
V  [libjvm.so+0xa9084e]  universe_init()+0x3e
V  [libjvm.so+0x63e3e5]  init_globals()+0x65
V  [libjvm.so+0xa73f3e]  Threads::create_vm(JavaVMInitArgs*, bool*)+0x23e
V  [libjvm.so+0x6d2ce4]  JNI_CreateJavaVM+0x74
C  [libjli.so+0x745e]  JavaMain+0x9e
C  [libpthread.so.0+0x76da]  start_thread+0xca


---------------  P R O C E S S  ---------------

Java Threads: ( => current thread )

Other Threads:

=>0x00007f4470009800 (exited) JavaThread "Unknown thread" [_thread_in_vm, id=95320, stack(0x00007f44777c8000,0x00007f44778c9000)]

VM state:not at safepoint (not fully initialized)

VM Mutex/Monitor currently owned by a thread: None

GC Heap History (0 events):
No events

Deoptimization events (0 events):
No events

Internal exceptions (0 events):
No events

Events (0 events):
No events


Dynamic libraries:
00400000-00401000 r-xp 00000000 08:01 408307                             /usr/lib/jvm/java-8-oracle/jre/bin/java
00600000-00601000 rw-p 00000000 08:01 408307                             /usr/lib/jvm/java-8-oracle/jre/bin/java
01330000-01351000 rw-p 00000000 00:00 0                                  [heap]
c0000000-d5550000 rw-p 00000000 00:00 0 
7f4468000000-7f4468270000 rwxp 00000000 00:00 0 
7f4468270000-7f4470000000 ---p 00000000 00:00 0 
7f4470000000-7f4470035000 rw-p 00000000 00:00 0 
7f4470035000-7f4474000000 ---p 00000000 00:00 0 
7f4474297000-7f44745c9000 rw-p 00000000 00:00 0 
7f44745c9000-7f447471e000 ---p 00000000 00:00 0 
7f447471e000-7f4474729000 rw-p 00000000 00:00 0 
7f4474729000-7f447491f000 ---p 00000000 00:00 0 
7f447491f000-7f4474939000 r-xp 00000000 08:01 801419                     /usr/lib/jvm/java-8-oracle/jre/lib/amd64/libzip.so
7f4474939000-7f4474b39000 ---p 0001a000 08:01 801419                     /usr/lib/jvm/java-8-oracle/jre/lib/amd64/libzip.so
7f4474b39000-7f4474b3a000 rw-p 0001a000 08:01 801419                     /usr/lib/jvm/java-8-oracle/jre/lib/amd64/libzip.so
7f4474b3a000-7f4474b45000 r-xp 00000000 08:01 797787                     /lib/x86_64-linux-gnu/libnss_files-2.24.so
7f4474b45000-7f4474d44000 ---p 0000b000 08:01 797787                     /lib/x86_64-linux-gnu/libnss_files-2.24.so
7f4474d44000-7f4474d45000 r--p 0000a000 08:01 797787                     /lib/x86_64-linux-gnu/libnss_files-2.24.so
7f4474d45000-7f4474d46000 rw-p 0000b000 08:01 797787                     /lib/x86_64-linux-gnu/libnss_files-2.24.so
7f4474d46000-7f4474d4c000 rw-p 00000000 00:00 0 
7f4474d4c000-7f4474d57000 r-xp 00000000 08:01 812888                     /lib/x86_64-linux-gnu/libnss_nis-2.24.so
7f4474d57000-7f4474f56000 ---p 0000b000 08:01 812888                     /lib/x86_64-linux-gnu/libnss_nis-2.24.so
7f4474f56000-7f4474f57000 r--p 0000a000 08:01 812888                     /lib/x86_64-linux-gnu/libnss_nis-2.24.so
7f4474f57000-7f4474f58000 rw-p 0000b000 08:01 812888                     /lib/x86_64-linux-gnu/libnss_nis-2.24.so
7f4474f58000-7f4474f6e000 r-xp 00000000 08:01 797784                     /lib/x86_64-linux-gnu/libnsl-2.24.so
7f4474f6e000-7f447516d000 ---p 00016000 08:01 797784                     /lib/x86_64-linux-gnu/libnsl-2.24.so
7f447516d000-7f447516e000 r--p 00015000 08:01 797784                     /lib/x86_64-linux-gnu/libnsl-2.24.so
7f447516e000-7f447516f000 rw-p 00016000 08:01 797784                     /lib/x86_64-linux-gnu/libnsl-2.24.so
7f447516f000-7f4475171000 rw-p 00000000 00:00 0 
7f4475171000-7f4475179000 r-xp 00000000 08:01 797785                     /lib/x86_64-linux-gnu/libnss_compat-2.24.so
7f4475179000-7f4475378000 ---p 00008000 08:01 797785                     /lib/x86_64-linux-gnu/libnss_compat-2.24.so
7f4475378000-7f4475379000 r--p 00007000 08:01 797785                     /lib/x86_64-linux-gnu/libnss_compat-2.24.so
7f4475379000-7f447537a000 rw-p 00008000 08:01 797785                     /lib/x86_64-linux-gnu/libnss_compat-2.24.so
7f447537a000-7f44753a5000 r-xp 00000000 08:01 801413                     /usr/lib/jvm/java-8-oracle/jre/lib/amd64/libjava.so
7f44753a5000-7f44755a4000 ---p 0002b000 08:01 801413                     /usr/lib/jvm/java-8-oracle/jre/lib/amd64/libjava.so
7f44755a4000-7f44755a6000 rw-p 0002a000 08:01 801413                     /usr/lib/jvm/java-8-oracle/jre/lib/amd64/libjava.so
7f44755a6000-7f44755b3000 r-xp 00000000 08:01 801418                     /usr/lib/jvm/java-8-oracle/jre/lib/amd64/libverify.so
7f44755b3000-7f44757b2000 ---p 0000d000 08:01 801418                     /usr/lib/jvm/java-8-oracle/jre/lib/amd64/libverify.so
7f44757b2000-7f44757b4000 rw-p 0000c000 08:01 801418                     /usr/lib/jvm/java-8-oracle/jre/lib/amd64/libverify.so
7f44757b4000-7f44757bb000 r-xp 00000000 08:01 812893                     /lib/x86_64-linux-gnu/librt-2.24.so
7f44757bb000-7f44759ba000 ---p 00007000 08:01 812893                     /lib/x86_64-linux-gnu/librt-2.24.so
7f44759ba000-7f44759bb000 r--p 00006000 08:01 812893                     /lib/x86_64-linux-gnu/librt-2.24.so
7f44759bb000-7f44759bc000 rw-p 00007000 08:01 812893                     /lib/x86_64-linux-gnu/librt-2.24.so
7f44759bc000-7f4475ac4000 r-xp 00000000 08:01 797781                     /lib/x86_64-linux-gnu/libm-2.24.so
7f4475ac4000-7f4475cc3000 ---p 00108000 08:01 797781                     /lib/x86_64-linux-gnu/libm-2.24.so
7f4475cc3000-7f4475cc4000 r--p 00107000 08:01 797781                     /lib/x86_64-linux-gnu/libm-2.24.so
7f4475cc4000-7f4475cc5000 rw-p 00108000 08:01 797781                     /lib/x86_64-linux-gnu/libm-2.24.so
7f4475cc5000-7f4476994000 r-xp 00000000 08:01 801396                     /usr/lib/jvm/java-8-oracle/jre/lib/amd64/server/libjvm.so
7f4476994000-7f4476b94000 ---p 00ccf000 08:01 801396                     /usr/lib/jvm/java-8-oracle/jre/lib/amd64/server/libjvm.so
7f4476b94000-7f4476c6d000 rw-p 00ccf000 08:01 801396                     /usr/lib/jvm/java-8-oracle/jre/lib/amd64/server/libjvm.so
7f4476c6d000-7f4476cb8000 rw-p 00000000 00:00 0 
7f4476cb8000-7f4476e76000 r-xp 00000000 08:01 797777                     /lib/x86_64-linux-gnu/libc-2.24.so
7f4476e76000-7f4477075000 ---p 001be000 08:01 797777                     /lib/x86_64-linux-gnu/libc-2.24.so
7f4477075000-7f4477079000 r--p 001bd000 08:01 797777                     /lib/x86_64-linux-gnu/libc-2.24.so
7f4477079000-7f447707b000 rw-p 001c1000 08:01 797777                     /lib/x86_64-linux-gnu/libc-2.24.so
7f447707b000-7f447707f000 rw-p 00000000 00:00 0 
7f447707f000-7f4477082000 r-xp 00000000 08:01 797780                     /lib/x86_64-linux-gnu/libdl-2.24.so
7f4477082000-7f4477281000 ---p 00003000 08:01 797780                     /lib/x86_64-linux-gnu/libdl-2.24.so
7f4477281000-7f4477282000 r--p 00002000 08:01 797780                     /lib/x86_64-linux-gnu/libdl-2.24.so
7f4477282000-7f4477283000 rw-p 00003000 08:01 797780                     /lib/x86_64-linux-gnu/libdl-2.24.so
7f4477283000-7f4477298000 r-xp 00000000 08:01 801391                     /usr/lib/jvm/java-8-oracle/jre/lib/amd64/jli/libjli.so
7f4477298000-7f4477498000 ---p 00015000 08:01 801391                     /usr/lib/jvm/java-8-oracle/jre/lib/amd64/jli/libjli.so
7f4477498000-7f4477499000 rw-p 00015000 08:01 801391                     /usr/lib/jvm/java-8-oracle/jre/lib/amd64/jli/libjli.so
7f4477499000-7f44774b1000 r-xp 00000000 08:01 812891                     /lib/x86_64-linux-gnu/libpthread-2.24.so
7f44774b1000-7f44776b1000 ---p 00018000 08:01 812891                     /lib/x86_64-linux-gnu/libpthread-2.24.so
7f44776b1000-7f44776b2000 r--p 00018000 08:01 812891                     /lib/x86_64-linux-gnu/libpthread-2.24.so
7f44776b2000-7f44776b3000 rw-p 00019000 08:01 812891                     /lib/x86_64-linux-gnu/libpthread-2.24.so
7f44776b3000-7f44776b7000 rw-p 00000000 00:00 0 
7f44776b7000-7f44776dd000 r-xp 00000000 08:01 797773                     /lib/x86_64-linux-gnu/ld-2.24.so
7f44777c8000-7f44777cb000 ---p 00000000 00:00 0 
7f44777cb000-7f44778cb000 rw-p 00000000 00:00 0 
7f44778cf000-7f44778d7000 rw-s 00000000 08:01 400639                     /tmp/hsperfdata_benkio/95319
7f44778d7000-7f44778d8000 rw-p 00000000 00:00 0 
7f44778d8000-7f44778d9000 r--p 00000000 00:00 0 
7f44778d9000-7f44778dc000 rw-p 00000000 00:00 0 
7f44778dc000-7f44778dd000 r--p 00025000 08:01 797773                     /lib/x86_64-linux-gnu/ld-2.24.so
7f44778dd000-7f44778de000 rw-p 00026000 08:01 797773                     /lib/x86_64-linux-gnu/ld-2.24.so
7f44778de000-7f44778df000 rw-p 00000000 00:00 0 
7fff5592f000-7fff55a50000 rw-p 00000000 00:00 0                          [stack]
7fff55bf5000-7fff55bf7000 r--p 00000000 00:00 0                          [vvar]
7fff55bf7000-7fff55bf9000 r-xp 00000000 00:00 0                          [vdso]
ffffffffff600000-ffffffffff601000 r-xp 00000000 00:00 0                  [vsyscall]

VM Arguments:
jvm_args: -Xms1024m -Xmx1024m -XX:ReservedCodeCacheSize=128m -XX:MaxMetaspaceSize=256m 
java_command: /usr/share/sbt/bin/sbt-launch.jar compile
java_class_path (initial): /usr/share/sbt/bin/sbt-launch.jar
Launcher Type: SUN_STANDARD

Environment Variables:
JAVA_HOME=/usr/lib/jvm/java-8-oracle
PATH=/usr/local/sbin:/usr/local/bin:/usr/sbin:/usr/bin:/sbin:/bin:/usr/games:/usr/local/games:/usr/lib/jvm/java-8-oracle/bin:/usr/lib/jvm/java-8-oracle/db/bin:/usr/lib/jvm/java-8-oracle/jre/bin:/usr/lib/jvm/java-8-oracle/bin:/usr/lib/jvm/java-8-oracle/db/bin:/usr/lib/jvm/java-8-oracle/jre/bin
SHELL=/bin/bash
DISPLAY=:0

Signal Handlers:
SIGSEGV: [libjvm.so+0xac8af0], sa_mask[0]=11111111011111111101111111111110, sa_flags=SA_RESTART|SA_SIGINFO
SIGBUS: [libjvm.so+0xac8af0], sa_mask[0]=11111111011111111101111111111110, sa_flags=SA_RESTART|SA_SIGINFO
SIGFPE: [libjvm.so+0x921dd0], sa_mask[0]=11111111011111111101111111111110, sa_flags=SA_RESTART|SA_SIGINFO
SIGPIPE: [libjvm.so+0x921dd0], sa_mask[0]=11111111011111111101111111111110, sa_flags=SA_RESTART|SA_SIGINFO
SIGXFSZ: [libjvm.so+0x921dd0], sa_mask[0]=11111111011111111101111111111110, sa_flags=SA_RESTART|SA_SIGINFO
SIGILL: [libjvm.so+0x921dd0], sa_mask[0]=11111111011111111101111111111110, sa_flags=SA_RESTART|SA_SIGINFO
SIGUSR1: SIG_DFL, sa_mask[0]=00000000000000000000000000000000, sa_flags=none
SIGUSR2: [libjvm.so+0x923610], sa_mask[0]=00000000000000000000000000000000, sa_flags=SA_RESTART|SA_SIGINFO
SIGHUP: SIG_DFL, sa_mask[0]=00000000000000000000000000000000, sa_flags=none
SIGINT: SIG_DFL, sa_mask[0]=00000000000000000000000000000000, sa_flags=none
SIGTERM: SIG_DFL, sa_mask[0]=00000000000000000000000000000000, sa_flags=none
SIGQUIT: SIG_DFL, sa_mask[0]=00000000000000000000000000000000, sa_flags=none


---------------  S Y S T E M  ---------------

OS:DISTRIB_ID=Ubuntu
DISTRIB_RELEASE=17.04
DISTRIB_CODENAME=zesty
DISTRIB_DESCRIPTION="Ubuntu 17.04"

uname:Linux 4.10.0-24-generic #28-Ubuntu SMP Wed Jun 14 08:14:34 UTC 2017 x86_64
libc:glibc 2.24 NPTL 2.24 
rlimit: STACK 8515k, CORE 0k, NPROC 3723, NOFILE 65536, AS infinity
load average:0.93 0.86 0.66

/proc/meminfo:
MemTotal:         994888 kB
MemFree:          127140 kB
MemAvailable:     107356 kB
Buffers:            5844 kB
Cached:            77340 kB
SwapCached:        31148 kB
Active:           358220 kB
Inactive:         357600 kB
Active(anon):     290820 kB
Inactive(anon):   342220 kB
Active(file):      67400 kB
Inactive(file):    15380 kB
Unevictable:           0 kB
Mlocked:               0 kB
SwapTotal:        969960 kB
SwapFree:         496788 kB
Dirty:                92 kB
Writeback:             0 kB
AnonPages:        618556 kB
Mapped:            51840 kB
Shmem:               344 kB
Slab:              53140 kB
SReclaimable:      20112 kB
SUnreclaim:        33028 kB
KernelStack:        6332 kB
PageTables:        10156 kB
NFS_Unstable:          0 kB
Bounce:                0 kB
WritebackTmp:          0 kB
CommitLimit:     1467404 kB
Committed_AS:    2464012 kB
VmallocTotal:   34359738367 kB
VmallocUsed:           0 kB
VmallocChunk:          0 kB
HardwareCorrupted:     0 kB
AnonHugePages:     92160 kB
ShmemHugePages:        0 kB
ShmemPmdMapped:        0 kB
CmaTotal:              0 kB
CmaFree:               0 kB
HugePages_Total:       0
HugePages_Free:        0
HugePages_Rsvd:        0
HugePages_Surp:        0
Hugepagesize:       2048 kB
DirectMap4k:       83840 kB
DirectMap2M:      964608 kB
DirectMap1G:           0 kB


CPU:total 3 (initial active 3) (3 cores per cpu, 1 threads per core) family 6 model 69 stepping 1, cmov, cx8, fxsr, mmx, sse, sse2, sse3, ssse3, sse4.1, sse4.2, popcnt, avx, avx2, aes, clmul, erms, lzcnt, tsc, tscinvbit, bmi1, bmi2

/proc/cpuinfo:
processor	: 0
vendor_id	: GenuineIntel
cpu family	: 6
model		: 69
model name	: Intel(R) Core(TM) i7-4650U CPU @ 1.70GHz
stepping	: 1
microcode	: 0x17
cpu MHz		: 2299.163
cache size	: 4096 KB
physical id	: 0
siblings	: 3
core id		: 0
cpu cores	: 3
apicid		: 0
initial apicid	: 0
fpu		: yes
fpu_exception	: yes
cpuid level	: 13
wp		: yes
flags		: fpu vme de pse tsc msr pae mce cx8 apic sep mtrr pge mca cmov pat pse36 clflush dts mmx fxsr sse sse2 ss ht syscall nx pdpe1gb rdtscp lm constant_tsc arch_perfmon pebs bts nopl xtopology tsc_reliable nonstop_tsc aperfmperf pni pclmulqdq ssse3 fma cx16 pcid sse4_1 sse4_2 x2apic movbe popcnt tsc_deadline_timer aes xsave avx f16c rdrand hypervisor lahf_lm abm epb fsgsbase tsc_adjust bmi1 avx2 smep bmi2 invpcid xsaveopt dtherm ida arat pln pts
bugs		:
bogomips	: 4598.32
clflush size	: 64
cache_alignment	: 64
address sizes	: 42 bits physical, 48 bits virtual
power management:

processor	: 1
vendor_id	: GenuineIntel
cpu family	: 6
model		: 69
model name	: Intel(R) Core(TM) i7-4650U CPU @ 1.70GHz
stepping	: 1
microcode	: 0x17
cpu MHz		: 2299.163
cache size	: 4096 KB
physical id	: 0
siblings	: 3
core id		: 1
cpu cores	: 3
apicid		: 1
initial apicid	: 1
fpu		: yes
fpu_exception	: yes
cpuid level	: 13
wp		: yes
flags		: fpu vme de pse tsc msr pae mce cx8 apic sep mtrr pge mca cmov pat pse36 clflush dts mmx fxsr sse sse2 ss ht syscall nx pdpe1gb rdtscp lm constant_tsc arch_perfmon pebs bts nopl xtopology tsc_reliable nonstop_tsc aperfmperf pni pclmulqdq ssse3 fma cx16 pcid sse4_1 sse4_2 x2apic movbe popcnt tsc_deadline_timer aes xsave avx f16c rdrand hypervisor lahf_lm abm epb fsgsbase tsc_adjust bmi1 avx2 smep bmi2 invpcid xsaveopt dtherm ida arat pln pts
bugs		:
bogomips	: 4598.32
clflush size	: 64
cache_alignment	: 64
address sizes	: 42 bits physical, 48 bits virtual
power management:

processor	: 2
vendor_id	: GenuineIntel
cpu family	: 6
model		: 69
model name	: Intel(R) Core(TM) i7-4650U CPU @ 1.70GHz
stepping	: 1
microcode	: 0x17
cpu MHz		: 2299.163
cache size	: 4096 KB
physical id	: 0
siblings	: 3
core id		: 2
cpu cores	: 3
apicid		: 2
initial apicid	: 2
fpu		: yes
fpu_exception	: yes
cpuid level	: 13
wp		: yes
flags		: fpu vme de pse tsc msr pae mce cx8 apic sep mtrr pge mca cmov pat pse36 clflush dts mmx fxsr sse sse2 ss ht syscall nx pdpe1gb rdtscp lm constant_tsc arch_perfmon pebs bts nopl xtopology tsc_reliable nonstop_tsc aperfmperf pni pclmulqdq ssse3 fma cx16 pcid sse4_1 sse4_2 x2apic movbe popcnt tsc_deadline_timer aes xsave avx f16c rdrand hypervisor lahf_lm abm epb fsgsbase tsc_adjust bmi1 avx2 smep bmi2 invpcid xsaveopt dtherm ida arat pln pts
bugs		:
bogomips	: 4598.32
clflush size	: 64
cache_alignment	: 64
address sizes	: 42 bits physical, 48 bits virtual
power management:



Memory: 4k page, physical 994888k(127140k free), swap 969960k(496792k free)

vm_info: Java HotSpot(TM) 64-Bit Server VM (25.131-b11) for linux-amd64 JRE (1.8.0_131-b11), built on Mar 15 2017 01:23:40 by "java_re" with gcc 4.3.0 20080428 (Red Hat 4.3.0-8)

time: Sat Jun 24 16:38:39 2017
elapsed time: 0 seconds (0d 0h 0m 0s)

