#
# There is insufficient memory for the Java Runtime Environment to continue.
# Native memory allocation (mmap) failed to map 715849728 bytes for committing reserved memory.
# Possible reasons:
#   The system is out of physical RAM or swap space
#   In 32 bit mode, the process size limit was hit
# Possible solutions:
#   Reduce memory load on the system
#   Increase physical memory or swap space
#   Check if swap backing store is full
#   Use 64 bit Java on a 64 bit OS
#   Decrease Java heap size (-Xmx/-Xms)
#   Decrease number of Java threads
#   Decrease Java thread stack sizes (-Xss)
#   Set larger code cache with -XX:ReservedCodeCacheSize=
# This output file may be truncated or incomplete.
#
#  Out of Memory Error (os_linux.cpp:2640), pid=95254, tid=0x00007f0939e74700
#
# JRE version:  (8.0_131-b11) (build )
# Java VM: Java HotSpot(TM) 64-Bit Server VM (25.131-b11 mixed mode linux-amd64 compressed oops)
# Failed to write core dump. Core dumps have been disabled. To enable core dumping, try "ulimit -c unlimited" before starting Java again
#

---------------  T H R E A D  ---------------

Current thread (0x00007f0930009800):  JavaThread "Unknown thread" [_thread_in_vm, id=95255, stack(0x00007f0939d74000,0x00007f0939e75000)]

Stack: [0x00007f0939d74000,0x00007f0939e75000],  sp=0x00007f0939e73350,  free space=1020k
Native frames: (J=compiled Java code, j=interpreted, Vv=VM code, C=native code)
V  [libjvm.so+0xac826a]  VMError::report_and_die()+0x2ba
V  [libjvm.so+0x4fd4cb]  report_vm_out_of_memory(char const*, int, unsigned long, VMErrorType, char const*)+0x8b
V  [libjvm.so+0x924f53]  os::Linux::commit_memory_impl(char*, unsigned long, bool)+0x103
V  [libjvm.so+0x9254a9]  os::pd_commit_memory(char*, unsigned long, unsigned long, bool)+0x29
V  [libjvm.so+0x91f6ca]  os::commit_memory(char*, unsigned long, unsigned long, bool)+0x2a
V  [libjvm.so+0xac3fc9]  VirtualSpace::expand_by(unsigned long, bool)+0x199
V  [libjvm.so+0xac4b1e]  VirtualSpace::initialize(ReservedSpace, unsigned long)+0xee
V  [libjvm.so+0x5fb921]  CardGeneration::CardGeneration(ReservedSpace, unsigned long, int, GenRemSet*)+0xf1
V  [libjvm.so+0xa6ab6f]  TenuredGeneration::TenuredGeneration(ReservedSpace, unsigned long, int, GenRemSet*)+0x5f
V  [libjvm.so+0x5fcc29]  GenerationSpec::init(ReservedSpace, int, GenRemSet*)+0x339
V  [libjvm.so+0x5eb81e]  GenCollectedHeap::initialize()+0x1de
V  [libjvm.so+0xa902e3]  Universe::initialize_heap()+0xf3
V  [libjvm.so+0xa9084e]  universe_init()+0x3e
V  [libjvm.so+0x63e3e5]  init_globals()+0x65
V  [libjvm.so+0xa73f3e]  Threads::create_vm(JavaVMInitArgs*, bool*)+0x23e
V  [libjvm.so+0x6d2ce4]  JNI_CreateJavaVM+0x74
C  [libjli.so+0x745e]  JavaMain+0x9e
C  [libpthread.so.0+0x76da]  start_thread+0xca


---------------  P R O C E S S  ---------------

Java Threads: ( => current thread )

Other Threads:

=>0x00007f0930009800 (exited) JavaThread "Unknown thread" [_thread_in_vm, id=95255, stack(0x00007f0939d74000,0x00007f0939e75000)]

VM state:not at safepoint (not fully initialized)

VM Mutex/Monitor currently owned by a thread: None

GC Heap History (0 events):
No events

Deoptimization events (0 events):
No events

Internal exceptions (0 events):
No events

Events (0 events):
No events


Dynamic libraries:
00400000-00401000 r-xp 00000000 08:01 408307                             /usr/lib/jvm/java-8-oracle/jre/bin/java
00600000-00601000 rw-p 00000000 08:01 408307                             /usr/lib/jvm/java-8-oracle/jre/bin/java
0117f000-011a0000 rw-p 00000000 00:00 0                                  [heap]
c0000000-d5550000 rw-p 00000000 00:00 0 
7f0928000000-7f0928270000 rwxp 00000000 00:00 0 
7f0928270000-7f0930000000 ---p 00000000 00:00 0 
7f0930000000-7f0930035000 rw-p 00000000 00:00 0 
7f0930035000-7f0934000000 ---p 00000000 00:00 0 
7f0936843000-7f0936b75000 rw-p 00000000 00:00 0 
7f0936b75000-7f0936cca000 ---p 00000000 00:00 0 
7f0936cca000-7f0936cd5000 rw-p 00000000 00:00 0 
7f0936cd5000-7f0936ecb000 ---p 00000000 00:00 0 
7f0936ecb000-7f0936ee5000 r-xp 00000000 08:01 801419                     /usr/lib/jvm/java-8-oracle/jre/lib/amd64/libzip.so
7f0936ee5000-7f09370e5000 ---p 0001a000 08:01 801419                     /usr/lib/jvm/java-8-oracle/jre/lib/amd64/libzip.so
7f09370e5000-7f09370e6000 rw-p 0001a000 08:01 801419                     /usr/lib/jvm/java-8-oracle/jre/lib/amd64/libzip.so
7f09370e6000-7f09370f1000 r-xp 00000000 08:01 797787                     /lib/x86_64-linux-gnu/libnss_files-2.24.so
7f09370f1000-7f09372f0000 ---p 0000b000 08:01 797787                     /lib/x86_64-linux-gnu/libnss_files-2.24.so
7f09372f0000-7f09372f1000 r--p 0000a000 08:01 797787                     /lib/x86_64-linux-gnu/libnss_files-2.24.so
7f09372f1000-7f09372f2000 rw-p 0000b000 08:01 797787                     /lib/x86_64-linux-gnu/libnss_files-2.24.so
7f09372f2000-7f09372f8000 rw-p 00000000 00:00 0 
7f09372f8000-7f0937303000 r-xp 00000000 08:01 812888                     /lib/x86_64-linux-gnu/libnss_nis-2.24.so
7f0937303000-7f0937502000 ---p 0000b000 08:01 812888                     /lib/x86_64-linux-gnu/libnss_nis-2.24.so
7f0937502000-7f0937503000 r--p 0000a000 08:01 812888                     /lib/x86_64-linux-gnu/libnss_nis-2.24.so
7f0937503000-7f0937504000 rw-p 0000b000 08:01 812888                     /lib/x86_64-linux-gnu/libnss_nis-2.24.so
7f0937504000-7f093751a000 r-xp 00000000 08:01 797784                     /lib/x86_64-linux-gnu/libnsl-2.24.so
7f093751a000-7f0937719000 ---p 00016000 08:01 797784                     /lib/x86_64-linux-gnu/libnsl-2.24.so
7f0937719000-7f093771a000 r--p 00015000 08:01 797784                     /lib/x86_64-linux-gnu/libnsl-2.24.so
7f093771a000-7f093771b000 rw-p 00016000 08:01 797784                     /lib/x86_64-linux-gnu/libnsl-2.24.so
7f093771b000-7f093771d000 rw-p 00000000 00:00 0 
7f093771d000-7f0937725000 r-xp 00000000 08:01 797785                     /lib/x86_64-linux-gnu/libnss_compat-2.24.so
7f0937725000-7f0937924000 ---p 00008000 08:01 797785                     /lib/x86_64-linux-gnu/libnss_compat-2.24.so
7f0937924000-7f0937925000 r--p 00007000 08:01 797785                     /lib/x86_64-linux-gnu/libnss_compat-2.24.so
7f0937925000-7f0937926000 rw-p 00008000 08:01 797785                     /lib/x86_64-linux-gnu/libnss_compat-2.24.so
7f0937926000-7f0937951000 r-xp 00000000 08:01 801413                     /usr/lib/jvm/java-8-oracle/jre/lib/amd64/libjava.so
7f0937951000-7f0937b50000 ---p 0002b000 08:01 801413                     /usr/lib/jvm/java-8-oracle/jre/lib/amd64/libjava.so
7f0937b50000-7f0937b52000 rw-p 0002a000 08:01 801413                     /usr/lib/jvm/java-8-oracle/jre/lib/amd64/libjava.so
7f0937b52000-7f0937b5f000 r-xp 00000000 08:01 801418                     /usr/lib/jvm/java-8-oracle/jre/lib/amd64/libverify.so
7f0937b5f000-7f0937d5e000 ---p 0000d000 08:01 801418                     /usr/lib/jvm/java-8-oracle/jre/lib/amd64/libverify.so
7f0937d5e000-7f0937d60000 rw-p 0000c000 08:01 801418                     /usr/lib/jvm/java-8-oracle/jre/lib/amd64/libverify.so
7f0937d60000-7f0937d67000 r-xp 00000000 08:01 812893                     /lib/x86_64-linux-gnu/librt-2.24.so
7f0937d67000-7f0937f66000 ---p 00007000 08:01 812893                     /lib/x86_64-linux-gnu/librt-2.24.so
7f0937f66000-7f0937f67000 r--p 00006000 08:01 812893                     /lib/x86_64-linux-gnu/librt-2.24.so
7f0937f67000-7f0937f68000 rw-p 00007000 08:01 812893                     /lib/x86_64-linux-gnu/librt-2.24.so
7f0937f68000-7f0938070000 r-xp 00000000 08:01 797781                     /lib/x86_64-linux-gnu/libm-2.24.so
7f0938070000-7f093826f000 ---p 00108000 08:01 797781                     /lib/x86_64-linux-gnu/libm-2.24.so
7f093826f000-7f0938270000 r--p 00107000 08:01 797781                     /lib/x86_64-linux-gnu/libm-2.24.so
7f0938270000-7f0938271000 rw-p 00108000 08:01 797781                     /lib/x86_64-linux-gnu/libm-2.24.so
7f0938271000-7f0938f40000 r-xp 00000000 08:01 801396                     /usr/lib/jvm/java-8-oracle/jre/lib/amd64/server/libjvm.so
7f0938f40000-7f0939140000 ---p 00ccf000 08:01 801396                     /usr/lib/jvm/java-8-oracle/jre/lib/amd64/server/libjvm.so
7f0939140000-7f0939219000 rw-p 00ccf000 08:01 801396                     /usr/lib/jvm/java-8-oracle/jre/lib/amd64/server/libjvm.so
7f0939219000-7f0939264000 rw-p 00000000 00:00 0 
7f0939264000-7f0939422000 r-xp 00000000 08:01 797777                     /lib/x86_64-linux-gnu/libc-2.24.so
7f0939422000-7f0939621000 ---p 001be000 08:01 797777                     /lib/x86_64-linux-gnu/libc-2.24.so
7f0939621000-7f0939625000 r--p 001bd000 08:01 797777                     /lib/x86_64-linux-gnu/libc-2.24.so
7f0939625000-7f0939627000 rw-p 001c1000 08:01 797777                     /lib/x86_64-linux-gnu/libc-2.24.so
7f0939627000-7f093962b000 rw-p 00000000 00:00 0 
7f093962b000-7f093962e000 r-xp 00000000 08:01 797780                     /lib/x86_64-linux-gnu/libdl-2.24.so
7f093962e000-7f093982d000 ---p 00003000 08:01 797780                     /lib/x86_64-linux-gnu/libdl-2.24.so
7f093982d000-7f093982e000 r--p 00002000 08:01 797780                     /lib/x86_64-linux-gnu/libdl-2.24.so
7f093982e000-7f093982f000 rw-p 00003000 08:01 797780                     /lib/x86_64-linux-gnu/libdl-2.24.so
7f093982f000-7f0939844000 r-xp 00000000 08:01 801391                     /usr/lib/jvm/java-8-oracle/jre/lib/amd64/jli/libjli.so
7f0939844000-7f0939a44000 ---p 00015000 08:01 801391                     /usr/lib/jvm/java-8-oracle/jre/lib/amd64/jli/libjli.so
7f0939a44000-7f0939a45000 rw-p 00015000 08:01 801391                     /usr/lib/jvm/java-8-oracle/jre/lib/amd64/jli/libjli.so
7f0939a45000-7f0939a5d000 r-xp 00000000 08:01 812891                     /lib/x86_64-linux-gnu/libpthread-2.24.so
7f0939a5d000-7f0939c5d000 ---p 00018000 08:01 812891                     /lib/x86_64-linux-gnu/libpthread-2.24.so
7f0939c5d000-7f0939c5e000 r--p 00018000 08:01 812891                     /lib/x86_64-linux-gnu/libpthread-2.24.so
7f0939c5e000-7f0939c5f000 rw-p 00019000 08:01 812891                     /lib/x86_64-linux-gnu/libpthread-2.24.so
7f0939c5f000-7f0939c63000 rw-p 00000000 00:00 0 
7f0939c63000-7f0939c89000 r-xp 00000000 08:01 797773                     /lib/x86_64-linux-gnu/ld-2.24.so
7f0939d74000-7f0939d77000 ---p 00000000 00:00 0 
7f0939d77000-7f0939e77000 rw-p 00000000 00:00 0 
7f0939e7b000-7f0939e83000 rw-s 00000000 08:01 400639                     /tmp/hsperfdata_benkio/95254
7f0939e83000-7f0939e84000 rw-p 00000000 00:00 0 
7f0939e84000-7f0939e85000 r--p 00000000 00:00 0 
7f0939e85000-7f0939e88000 rw-p 00000000 00:00 0 
7f0939e88000-7f0939e89000 r--p 00025000 08:01 797773                     /lib/x86_64-linux-gnu/ld-2.24.so
7f0939e89000-7f0939e8a000 rw-p 00026000 08:01 797773                     /lib/x86_64-linux-gnu/ld-2.24.so
7f0939e8a000-7f0939e8b000 rw-p 00000000 00:00 0 
7ffc50ca8000-7ffc50dc9000 rw-p 00000000 00:00 0                          [stack]
7ffc50dda000-7ffc50ddc000 r--p 00000000 00:00 0                          [vvar]
7ffc50ddc000-7ffc50dde000 r-xp 00000000 00:00 0                          [vdso]
ffffffffff600000-ffffffffff601000 r-xp 00000000 00:00 0                  [vsyscall]

VM Arguments:
jvm_args: -Xms1024m -Xmx1024m -XX:ReservedCodeCacheSize=128m -XX:MaxMetaspaceSize=256m 
java_command: /usr/share/sbt/bin/sbt-launch.jar compile
java_class_path (initial): /usr/share/sbt/bin/sbt-launch.jar
Launcher Type: SUN_STANDARD

Environment Variables:
JAVA_HOME=/usr/lib/jvm/java-8-oracle
PATH=/usr/local/sbin:/usr/local/bin:/usr/sbin:/usr/bin:/sbin:/bin:/usr/games:/usr/local/games:/usr/lib/jvm/java-8-oracle/bin:/usr/lib/jvm/java-8-oracle/db/bin:/usr/lib/jvm/java-8-oracle/jre/bin:/usr/lib/jvm/java-8-oracle/bin:/usr/lib/jvm/java-8-oracle/db/bin:/usr/lib/jvm/java-8-oracle/jre/bin
SHELL=/bin/bash
DISPLAY=:0

Signal Handlers:
SIGSEGV: [libjvm.so+0xac8af0], sa_mask[0]=11111111011111111101111111111110, sa_flags=SA_RESTART|SA_SIGINFO
SIGBUS: [libjvm.so+0xac8af0], sa_mask[0]=11111111011111111101111111111110, sa_flags=SA_RESTART|SA_SIGINFO
SIGFPE: [libjvm.so+0x921dd0], sa_mask[0]=11111111011111111101111111111110, sa_flags=SA_RESTART|SA_SIGINFO
SIGPIPE: [libjvm.so+0x921dd0], sa_mask[0]=11111111011111111101111111111110, sa_flags=SA_RESTART|SA_SIGINFO
SIGXFSZ: [libjvm.so+0x921dd0], sa_mask[0]=11111111011111111101111111111110, sa_flags=SA_RESTART|SA_SIGINFO
SIGILL: [libjvm.so+0x921dd0], sa_mask[0]=11111111011111111101111111111110, sa_flags=SA_RESTART|SA_SIGINFO
SIGUSR1: SIG_DFL, sa_mask[0]=00000000000000000000000000000000, sa_flags=none
SIGUSR2: [libjvm.so+0x923610], sa_mask[0]=00000000000000000000000000000000, sa_flags=SA_RESTART|SA_SIGINFO
SIGHUP: SIG_DFL, sa_mask[0]=00000000000000000000000000000000, sa_flags=none
SIGINT: SIG_DFL, sa_mask[0]=00000000000000000000000000000000, sa_flags=none
SIGTERM: SIG_DFL, sa_mask[0]=00000000000000000000000000000000, sa_flags=none
SIGQUIT: SIG_DFL, sa_mask[0]=00000000000000000000000000000000, sa_flags=none


---------------  S Y S T E M  ---------------

OS:DISTRIB_ID=Ubuntu
DISTRIB_RELEASE=17.04
DISTRIB_CODENAME=zesty
DISTRIB_DESCRIPTION="Ubuntu 17.04"

uname:Linux 4.10.0-24-generic #28-Ubuntu SMP Wed Jun 14 08:14:34 UTC 2017 x86_64
libc:glibc 2.24 NPTL 2.24 
rlimit: STACK 8515k, CORE 0k, NPROC 3723, NOFILE 65536, AS infinity
load average:1.01 0.87 0.67

/proc/meminfo:
MemTotal:         994888 kB
MemFree:          130060 kB
MemAvailable:     110020 kB
Buffers:            5816 kB
Cached:            76968 kB
SwapCached:        30660 kB
Active:           356820 kB
Inactive:         356536 kB
Active(anon):     289736 kB
Inactive(anon):   341232 kB
Active(file):      67084 kB
Inactive(file):    15304 kB
Unevictable:           0 kB
Mlocked:               0 kB
SwapTotal:        969960 kB
SwapFree:         495672 kB
Dirty:               592 kB
Writeback:             0 kB
AnonPages:        616728 kB
Mapped:            51804 kB
Shmem:               344 kB
Slab:              53028 kB
SReclaimable:      19992 kB
SUnreclaim:        33036 kB
KernelStack:        6312 kB
PageTables:        10056 kB
NFS_Unstable:          0 kB
Bounce:                0 kB
WritebackTmp:          0 kB
CommitLimit:     1467404 kB
Committed_AS:    2463864 kB
VmallocTotal:   34359738367 kB
VmallocUsed:           0 kB
VmallocChunk:          0 kB
HardwareCorrupted:     0 kB
AnonHugePages:     92160 kB
ShmemHugePages:        0 kB
ShmemPmdMapped:        0 kB
CmaTotal:              0 kB
CmaFree:               0 kB
HugePages_Total:       0
HugePages_Free:        0
HugePages_Rsvd:        0
HugePages_Surp:        0
Hugepagesize:       2048 kB
DirectMap4k:       83840 kB
DirectMap2M:      964608 kB
DirectMap1G:           0 kB


CPU:total 3 (initial active 3) (3 cores per cpu, 1 threads per core) family 6 model 69 stepping 1, cmov, cx8, fxsr, mmx, sse, sse2, sse3, ssse3, sse4.1, sse4.2, popcnt, avx, avx2, aes, clmul, erms, lzcnt, tsc, tscinvbit, bmi1, bmi2

/proc/cpuinfo:
processor	: 0
vendor_id	: GenuineIntel
cpu family	: 6
model		: 69
model name	: Intel(R) Core(TM) i7-4650U CPU @ 1.70GHz
stepping	: 1
microcode	: 0x17
cpu MHz		: 2299.163
cache size	: 4096 KB
physical id	: 0
siblings	: 3
core id		: 0
cpu cores	: 3
apicid		: 0
initial apicid	: 0
fpu		: yes
fpu_exception	: yes
cpuid level	: 13
wp		: yes
flags		: fpu vme de pse tsc msr pae mce cx8 apic sep mtrr pge mca cmov pat pse36 clflush dts mmx fxsr sse sse2 ss ht syscall nx pdpe1gb rdtscp lm constant_tsc arch_perfmon pebs bts nopl xtopology tsc_reliable nonstop_tsc aperfmperf pni pclmulqdq ssse3 fma cx16 pcid sse4_1 sse4_2 x2apic movbe popcnt tsc_deadline_timer aes xsave avx f16c rdrand hypervisor lahf_lm abm epb fsgsbase tsc_adjust bmi1 avx2 smep bmi2 invpcid xsaveopt dtherm ida arat pln pts
bugs		:
bogomips	: 4598.32
clflush size	: 64
cache_alignment	: 64
address sizes	: 42 bits physical, 48 bits virtual
power management:

processor	: 1
vendor_id	: GenuineIntel
cpu family	: 6
model		: 69
model name	: Intel(R) Core(TM) i7-4650U CPU @ 1.70GHz
stepping	: 1
microcode	: 0x17
cpu MHz		: 2299.163
cache size	: 4096 KB
physical id	: 0
siblings	: 3
core id		: 1
cpu cores	: 3
apicid		: 1
initial apicid	: 1
fpu		: yes
fpu_exception	: yes
cpuid level	: 13
wp		: yes
flags		: fpu vme de pse tsc msr pae mce cx8 apic sep mtrr pge mca cmov pat pse36 clflush dts mmx fxsr sse sse2 ss ht syscall nx pdpe1gb rdtscp lm constant_tsc arch_perfmon pebs bts nopl xtopology tsc_reliable nonstop_tsc aperfmperf pni pclmulqdq ssse3 fma cx16 pcid sse4_1 sse4_2 x2apic movbe popcnt tsc_deadline_timer aes xsave avx f16c rdrand hypervisor lahf_lm abm epb fsgsbase tsc_adjust bmi1 avx2 smep bmi2 invpcid xsaveopt dtherm ida arat pln pts
bugs		:
bogomips	: 4598.32
clflush size	: 64
cache_alignment	: 64
address sizes	: 42 bits physical, 48 bits virtual
power management:

processor	: 2
vendor_id	: GenuineIntel
cpu family	: 6
model		: 69
model name	: Intel(R) Core(TM) i7-4650U CPU @ 1.70GHz
stepping	: 1
microcode	: 0x17
cpu MHz		: 2299.163
cache size	: 4096 KB
physical id	: 0
siblings	: 3
core id		: 2
cpu cores	: 3
apicid		: 2
initial apicid	: 2
fpu		: yes
fpu_exception	: yes
cpuid level	: 13
wp		: yes
flags		: fpu vme de pse tsc msr pae mce cx8 apic sep mtrr pge mca cmov pat pse36 clflush dts mmx fxsr sse sse2 ss ht syscall nx pdpe1gb rdtscp lm constant_tsc arch_perfmon pebs bts nopl xtopology tsc_reliable nonstop_tsc aperfmperf pni pclmulqdq ssse3 fma cx16 pcid sse4_1 sse4_2 x2apic movbe popcnt tsc_deadline_timer aes xsave avx f16c rdrand hypervisor lahf_lm abm epb fsgsbase tsc_adjust bmi1 avx2 smep bmi2 invpcid xsaveopt dtherm ida arat pln pts
bugs		:
bogomips	: 4598.32
clflush size	: 64
cache_alignment	: 64
address sizes	: 42 bits physical, 48 bits virtual
power management:



Memory: 4k page, physical 994888k(130060k free), swap 969960k(495672k free)

vm_info: Java HotSpot(TM) 64-Bit Server VM (25.131-b11) for linux-amd64 JRE (1.8.0_131-b11), built on Mar 15 2017 01:23:40 by "java_re" with gcc 4.3.0 20080428 (Red Hat 4.3.0-8)

time: Sat Jun 24 16:38:32 2017
elapsed time: 0 seconds (0d 0h 0m 0s)

