#
# There is insufficient memory for the Java Runtime Environment to continue.
# Native memory allocation (mmap) failed to map 715849728 bytes for committing reserved memory.
# Possible reasons:
#   The system is out of physical RAM or swap space
#   In 32 bit mode, the process size limit was hit
# Possible solutions:
#   Reduce memory load on the system
#   Increase physical memory or swap space
#   Check if swap backing store is full
#   Use 64 bit Java on a 64 bit OS
#   Decrease Java heap size (-Xmx/-Xms)
#   Decrease number of Java threads
#   Decrease Java thread stack sizes (-Xss)
#   Set larger code cache with -XX:ReservedCodeCacheSize=
# This output file may be truncated or incomplete.
#
#  Out of Memory Error (os_linux.cpp:2640), pid=77373, tid=0x00007f797abec700
#
# JRE version:  (8.0_131-b11) (build )
# Java VM: Java HotSpot(TM) 64-Bit Server VM (25.131-b11 mixed mode linux-amd64 compressed oops)
# Failed to write core dump. Core dumps have been disabled. To enable core dumping, try "ulimit -c unlimited" before starting Java again
#

---------------  T H R E A D  ---------------

Current thread (0x00007f7974009800):  JavaThread "Unknown thread" [_thread_in_vm, id=77374, stack(0x00007f797aaec000,0x00007f797abed000)]

Stack: [0x00007f797aaec000,0x00007f797abed000],  sp=0x00007f797abeb350,  free space=1020k
Native frames: (J=compiled Java code, j=interpreted, Vv=VM code, C=native code)
V  [libjvm.so+0xac826a]  VMError::report_and_die()+0x2ba
V  [libjvm.so+0x4fd4cb]  report_vm_out_of_memory(char const*, int, unsigned long, VMErrorType, char const*)+0x8b
V  [libjvm.so+0x924f53]  os::Linux::commit_memory_impl(char*, unsigned long, bool)+0x103
V  [libjvm.so+0x9254a9]  os::pd_commit_memory(char*, unsigned long, unsigned long, bool)+0x29
V  [libjvm.so+0x91f6ca]  os::commit_memory(char*, unsigned long, unsigned long, bool)+0x2a
V  [libjvm.so+0xac3fc9]  VirtualSpace::expand_by(unsigned long, bool)+0x199
V  [libjvm.so+0xac4b1e]  VirtualSpace::initialize(ReservedSpace, unsigned long)+0xee
V  [libjvm.so+0x5fb921]  CardGeneration::CardGeneration(ReservedSpace, unsigned long, int, GenRemSet*)+0xf1
V  [libjvm.so+0xa6ab6f]  TenuredGeneration::TenuredGeneration(ReservedSpace, unsigned long, int, GenRemSet*)+0x5f
V  [libjvm.so+0x5fcc29]  GenerationSpec::init(ReservedSpace, int, GenRemSet*)+0x339
V  [libjvm.so+0x5eb81e]  GenCollectedHeap::initialize()+0x1de
V  [libjvm.so+0xa902e3]  Universe::initialize_heap()+0xf3
V  [libjvm.so+0xa9084e]  universe_init()+0x3e
V  [libjvm.so+0x63e3e5]  init_globals()+0x65
V  [libjvm.so+0xa73f3e]  Threads::create_vm(JavaVMInitArgs*, bool*)+0x23e
V  [libjvm.so+0x6d2ce4]  JNI_CreateJavaVM+0x74
C  [libjli.so+0x745e]  JavaMain+0x9e
C  [libpthread.so.0+0x76da]  start_thread+0xca


---------------  P R O C E S S  ---------------

Java Threads: ( => current thread )

Other Threads:

=>0x00007f7974009800 (exited) JavaThread "Unknown thread" [_thread_in_vm, id=77374, stack(0x00007f797aaec000,0x00007f797abed000)]

VM state:not at safepoint (not fully initialized)

VM Mutex/Monitor currently owned by a thread: None

GC Heap History (0 events):
No events

Deoptimization events (0 events):
No events

Internal exceptions (0 events):
No events

Events (0 events):
No events


Dynamic libraries:
00400000-00401000 r-xp 00000000 08:01 408307                             /usr/lib/jvm/java-8-oracle/jre/bin/java
00600000-00601000 rw-p 00000000 08:01 408307                             /usr/lib/jvm/java-8-oracle/jre/bin/java
01f76000-01f97000 rw-p 00000000 00:00 0                                  [heap]
c0000000-d5550000 rw-p 00000000 00:00 0 
7f796b54b000-7f796b87d000 rw-p 00000000 00:00 0 
7f796b87d000-7f796b9d2000 ---p 00000000 00:00 0 
7f796b9d2000-7f796b9dd000 rw-p 00000000 00:00 0 
7f796b9dd000-7f796bbd3000 ---p 00000000 00:00 0 
7f796bbd3000-7f796be43000 rwxp 00000000 00:00 0 
7f796be43000-7f7973bd3000 ---p 00000000 00:00 0 
7f7973bd3000-7f7973bed000 r-xp 00000000 08:01 801419                     /usr/lib/jvm/java-8-oracle/jre/lib/amd64/libzip.so
7f7973bed000-7f7973ded000 ---p 0001a000 08:01 801419                     /usr/lib/jvm/java-8-oracle/jre/lib/amd64/libzip.so
7f7973ded000-7f7973dee000 rw-p 0001a000 08:01 801419                     /usr/lib/jvm/java-8-oracle/jre/lib/amd64/libzip.so
7f7973dee000-7f7973df9000 r-xp 00000000 08:01 797787                     /lib/x86_64-linux-gnu/libnss_files-2.24.so
7f7973df9000-7f7973ff8000 ---p 0000b000 08:01 797787                     /lib/x86_64-linux-gnu/libnss_files-2.24.so
7f7973ff8000-7f7973ff9000 r--p 0000a000 08:01 797787                     /lib/x86_64-linux-gnu/libnss_files-2.24.so
7f7973ff9000-7f7973ffa000 rw-p 0000b000 08:01 797787                     /lib/x86_64-linux-gnu/libnss_files-2.24.so
7f7973ffa000-7f7974000000 rw-p 00000000 00:00 0 
7f7974000000-7f7974035000 rw-p 00000000 00:00 0 
7f7974035000-7f7978000000 ---p 00000000 00:00 0 
7f7978070000-7f797807b000 r-xp 00000000 08:01 812888                     /lib/x86_64-linux-gnu/libnss_nis-2.24.so
7f797807b000-7f797827a000 ---p 0000b000 08:01 812888                     /lib/x86_64-linux-gnu/libnss_nis-2.24.so
7f797827a000-7f797827b000 r--p 0000a000 08:01 812888                     /lib/x86_64-linux-gnu/libnss_nis-2.24.so
7f797827b000-7f797827c000 rw-p 0000b000 08:01 812888                     /lib/x86_64-linux-gnu/libnss_nis-2.24.so
7f797827c000-7f7978292000 r-xp 00000000 08:01 797784                     /lib/x86_64-linux-gnu/libnsl-2.24.so
7f7978292000-7f7978491000 ---p 00016000 08:01 797784                     /lib/x86_64-linux-gnu/libnsl-2.24.so
7f7978491000-7f7978492000 r--p 00015000 08:01 797784                     /lib/x86_64-linux-gnu/libnsl-2.24.so
7f7978492000-7f7978493000 rw-p 00016000 08:01 797784                     /lib/x86_64-linux-gnu/libnsl-2.24.so
7f7978493000-7f7978495000 rw-p 00000000 00:00 0 
7f7978495000-7f797849d000 r-xp 00000000 08:01 797785                     /lib/x86_64-linux-gnu/libnss_compat-2.24.so
7f797849d000-7f797869c000 ---p 00008000 08:01 797785                     /lib/x86_64-linux-gnu/libnss_compat-2.24.so
7f797869c000-7f797869d000 r--p 00007000 08:01 797785                     /lib/x86_64-linux-gnu/libnss_compat-2.24.so
7f797869d000-7f797869e000 rw-p 00008000 08:01 797785                     /lib/x86_64-linux-gnu/libnss_compat-2.24.so
7f797869e000-7f79786c9000 r-xp 00000000 08:01 801413                     /usr/lib/jvm/java-8-oracle/jre/lib/amd64/libjava.so
7f79786c9000-7f79788c8000 ---p 0002b000 08:01 801413                     /usr/lib/jvm/java-8-oracle/jre/lib/amd64/libjava.so
7f79788c8000-7f79788ca000 rw-p 0002a000 08:01 801413                     /usr/lib/jvm/java-8-oracle/jre/lib/amd64/libjava.so
7f79788ca000-7f79788d7000 r-xp 00000000 08:01 801418                     /usr/lib/jvm/java-8-oracle/jre/lib/amd64/libverify.so
7f79788d7000-7f7978ad6000 ---p 0000d000 08:01 801418                     /usr/lib/jvm/java-8-oracle/jre/lib/amd64/libverify.so
7f7978ad6000-7f7978ad8000 rw-p 0000c000 08:01 801418                     /usr/lib/jvm/java-8-oracle/jre/lib/amd64/libverify.so
7f7978ad8000-7f7978adf000 r-xp 00000000 08:01 812893                     /lib/x86_64-linux-gnu/librt-2.24.so
7f7978adf000-7f7978cde000 ---p 00007000 08:01 812893                     /lib/x86_64-linux-gnu/librt-2.24.so
7f7978cde000-7f7978cdf000 r--p 00006000 08:01 812893                     /lib/x86_64-linux-gnu/librt-2.24.so
7f7978cdf000-7f7978ce0000 rw-p 00007000 08:01 812893                     /lib/x86_64-linux-gnu/librt-2.24.so
7f7978ce0000-7f7978de8000 r-xp 00000000 08:01 797781                     /lib/x86_64-linux-gnu/libm-2.24.so
7f7978de8000-7f7978fe7000 ---p 00108000 08:01 797781                     /lib/x86_64-linux-gnu/libm-2.24.so
7f7978fe7000-7f7978fe8000 r--p 00107000 08:01 797781                     /lib/x86_64-linux-gnu/libm-2.24.so
7f7978fe8000-7f7978fe9000 rw-p 00108000 08:01 797781                     /lib/x86_64-linux-gnu/libm-2.24.so
7f7978fe9000-7f7979cb8000 r-xp 00000000 08:01 801396                     /usr/lib/jvm/java-8-oracle/jre/lib/amd64/server/libjvm.so
7f7979cb8000-7f7979eb8000 ---p 00ccf000 08:01 801396                     /usr/lib/jvm/java-8-oracle/jre/lib/amd64/server/libjvm.so
7f7979eb8000-7f7979f91000 rw-p 00ccf000 08:01 801396                     /usr/lib/jvm/java-8-oracle/jre/lib/amd64/server/libjvm.so
7f7979f91000-7f7979fdc000 rw-p 00000000 00:00 0 
7f7979fdc000-7f797a19a000 r-xp 00000000 08:01 797777                     /lib/x86_64-linux-gnu/libc-2.24.so
7f797a19a000-7f797a399000 ---p 001be000 08:01 797777                     /lib/x86_64-linux-gnu/libc-2.24.so
7f797a399000-7f797a39d000 r--p 001bd000 08:01 797777                     /lib/x86_64-linux-gnu/libc-2.24.so
7f797a39d000-7f797a39f000 rw-p 001c1000 08:01 797777                     /lib/x86_64-linux-gnu/libc-2.24.so
7f797a39f000-7f797a3a3000 rw-p 00000000 00:00 0 
7f797a3a3000-7f797a3a6000 r-xp 00000000 08:01 797780                     /lib/x86_64-linux-gnu/libdl-2.24.so
7f797a3a6000-7f797a5a5000 ---p 00003000 08:01 797780                     /lib/x86_64-linux-gnu/libdl-2.24.so
7f797a5a5000-7f797a5a6000 r--p 00002000 08:01 797780                     /lib/x86_64-linux-gnu/libdl-2.24.so
7f797a5a6000-7f797a5a7000 rw-p 00003000 08:01 797780                     /lib/x86_64-linux-gnu/libdl-2.24.so
7f797a5a7000-7f797a5bc000 r-xp 00000000 08:01 801391                     /usr/lib/jvm/java-8-oracle/jre/lib/amd64/jli/libjli.so
7f797a5bc000-7f797a7bc000 ---p 00015000 08:01 801391                     /usr/lib/jvm/java-8-oracle/jre/lib/amd64/jli/libjli.so
7f797a7bc000-7f797a7bd000 rw-p 00015000 08:01 801391                     /usr/lib/jvm/java-8-oracle/jre/lib/amd64/jli/libjli.so
7f797a7bd000-7f797a7d5000 r-xp 00000000 08:01 812891                     /lib/x86_64-linux-gnu/libpthread-2.24.so
7f797a7d5000-7f797a9d5000 ---p 00018000 08:01 812891                     /lib/x86_64-linux-gnu/libpthread-2.24.so
7f797a9d5000-7f797a9d6000 r--p 00018000 08:01 812891                     /lib/x86_64-linux-gnu/libpthread-2.24.so
7f797a9d6000-7f797a9d7000 rw-p 00019000 08:01 812891                     /lib/x86_64-linux-gnu/libpthread-2.24.so
7f797a9d7000-7f797a9db000 rw-p 00000000 00:00 0 
7f797a9db000-7f797aa01000 r-xp 00000000 08:01 797773                     /lib/x86_64-linux-gnu/ld-2.24.so
7f797aaec000-7f797aaef000 ---p 00000000 00:00 0 
7f797aaef000-7f797abef000 rw-p 00000000 00:00 0 
7f797abf3000-7f797abfb000 rw-s 00000000 08:01 400639                     /tmp/hsperfdata_benkio/77373
7f797abfb000-7f797abfc000 rw-p 00000000 00:00 0 
7f797abfc000-7f797abfd000 r--p 00000000 00:00 0 
7f797abfd000-7f797ac00000 rw-p 00000000 00:00 0 
7f797ac00000-7f797ac01000 r--p 00025000 08:01 797773                     /lib/x86_64-linux-gnu/ld-2.24.so
7f797ac01000-7f797ac02000 rw-p 00026000 08:01 797773                     /lib/x86_64-linux-gnu/ld-2.24.so
7f797ac02000-7f797ac03000 rw-p 00000000 00:00 0 
7fffd2bae000-7fffd2ccf000 rw-p 00000000 00:00 0                          [stack]
7fffd2d5b000-7fffd2d5d000 r--p 00000000 00:00 0                          [vvar]
7fffd2d5d000-7fffd2d5f000 r-xp 00000000 00:00 0                          [vdso]
ffffffffff600000-ffffffffff601000 r-xp 00000000 00:00 0                  [vsyscall]

VM Arguments:
jvm_args: -Xms1024m -Xmx1024m -XX:ReservedCodeCacheSize=128m -XX:MaxMetaspaceSize=256m 
java_command: /usr/share/sbt/bin/sbt-launch.jar compile
java_class_path (initial): /usr/share/sbt/bin/sbt-launch.jar
Launcher Type: SUN_STANDARD

Environment Variables:
JAVA_HOME=/usr/lib/jvm/java-8-oracle
PATH=/usr/local/sbin:/usr/local/bin:/usr/sbin:/usr/bin:/sbin:/bin:/usr/games:/usr/local/games:/usr/lib/jvm/java-8-oracle/bin:/usr/lib/jvm/java-8-oracle/db/bin:/usr/lib/jvm/java-8-oracle/jre/bin:/usr/lib/jvm/java-8-oracle/bin:/usr/lib/jvm/java-8-oracle/db/bin:/usr/lib/jvm/java-8-oracle/jre/bin
SHELL=/bin/bash
DISPLAY=:0

Signal Handlers:
SIGSEGV: [libjvm.so+0xac8af0], sa_mask[0]=11111111011111111101111111111110, sa_flags=SA_RESTART|SA_SIGINFO
SIGBUS: [libjvm.so+0xac8af0], sa_mask[0]=11111111011111111101111111111110, sa_flags=SA_RESTART|SA_SIGINFO
SIGFPE: [libjvm.so+0x921dd0], sa_mask[0]=11111111011111111101111111111110, sa_flags=SA_RESTART|SA_SIGINFO
SIGPIPE: [libjvm.so+0x921dd0], sa_mask[0]=11111111011111111101111111111110, sa_flags=SA_RESTART|SA_SIGINFO
SIGXFSZ: [libjvm.so+0x921dd0], sa_mask[0]=11111111011111111101111111111110, sa_flags=SA_RESTART|SA_SIGINFO
SIGILL: [libjvm.so+0x921dd0], sa_mask[0]=11111111011111111101111111111110, sa_flags=SA_RESTART|SA_SIGINFO
SIGUSR1: SIG_DFL, sa_mask[0]=00000000000000000000000000000000, sa_flags=none
SIGUSR2: [libjvm.so+0x923610], sa_mask[0]=00000000000000000000000000000000, sa_flags=SA_RESTART|SA_SIGINFO
SIGHUP: SIG_DFL, sa_mask[0]=00000000000000000000000000000000, sa_flags=none
SIGINT: SIG_DFL, sa_mask[0]=00000000000000000000000000000000, sa_flags=none
SIGTERM: SIG_DFL, sa_mask[0]=00000000000000000000000000000000, sa_flags=none
SIGQUIT: SIG_DFL, sa_mask[0]=00000000000000000000000000000000, sa_flags=none


---------------  S Y S T E M  ---------------

OS:DISTRIB_ID=Ubuntu
DISTRIB_RELEASE=17.04
DISTRIB_CODENAME=zesty
DISTRIB_DESCRIPTION="Ubuntu 17.04"

uname:Linux 4.10.0-24-generic #28-Ubuntu SMP Wed Jun 14 08:14:34 UTC 2017 x86_64
libc:glibc 2.24 NPTL 2.24 
rlimit: STACK 8515k, CORE 0k, NPROC 3723, NOFILE 65536, AS infinity
load average:1.49 0.85 0.56

/proc/meminfo:
MemTotal:         994888 kB
MemFree:          142656 kB
MemAvailable:     125016 kB
Buffers:            5540 kB
Cached:            88664 kB
SwapCached:        35372 kB
Active:           337736 kB
Inactive:         362352 kB
Active(anon):     278020 kB
Inactive(anon):   335620 kB
Active(file):      59716 kB
Inactive(file):    26732 kB
Unevictable:           0 kB
Mlocked:               0 kB
SwapTotal:        969960 kB
SwapFree:         486468 kB
Dirty:               428 kB
Writeback:             0 kB
AnonPages:        571184 kB
Mapped:            55436 kB
Shmem:              7720 kB
Slab:              53856 kB
SReclaimable:      20732 kB
SUnreclaim:        33124 kB
KernelStack:        6332 kB
PageTables:         9980 kB
NFS_Unstable:          0 kB
Bounce:                0 kB
WritebackTmp:          0 kB
CommitLimit:     1467404 kB
Committed_AS:    2400864 kB
VmallocTotal:   34359738367 kB
VmallocUsed:           0 kB
VmallocChunk:          0 kB
HardwareCorrupted:     0 kB
AnonHugePages:    106496 kB
ShmemHugePages:        0 kB
ShmemPmdMapped:        0 kB
CmaTotal:              0 kB
CmaFree:               0 kB
HugePages_Total:       0
HugePages_Free:        0
HugePages_Rsvd:        0
HugePages_Surp:        0
Hugepagesize:       2048 kB
DirectMap4k:       83840 kB
DirectMap2M:      964608 kB
DirectMap1G:           0 kB


CPU:total 3 (initial active 3) (3 cores per cpu, 1 threads per core) family 6 model 69 stepping 1, cmov, cx8, fxsr, mmx, sse, sse2, sse3, ssse3, sse4.1, sse4.2, popcnt, avx, avx2, aes, clmul, erms, lzcnt, tsc, tscinvbit, bmi1, bmi2

/proc/cpuinfo:
processor	: 0
vendor_id	: GenuineIntel
cpu family	: 6
model		: 69
model name	: Intel(R) Core(TM) i7-4650U CPU @ 1.70GHz
stepping	: 1
microcode	: 0x17
cpu MHz		: 2299.163
cache size	: 4096 KB
physical id	: 0
siblings	: 3
core id		: 0
cpu cores	: 3
apicid		: 0
initial apicid	: 0
fpu		: yes
fpu_exception	: yes
cpuid level	: 13
wp		: yes
flags		: fpu vme de pse tsc msr pae mce cx8 apic sep mtrr pge mca cmov pat pse36 clflush dts mmx fxsr sse sse2 ss ht syscall nx pdpe1gb rdtscp lm constant_tsc arch_perfmon pebs bts nopl xtopology tsc_reliable nonstop_tsc aperfmperf pni pclmulqdq ssse3 fma cx16 pcid sse4_1 sse4_2 x2apic movbe popcnt tsc_deadline_timer aes xsave avx f16c rdrand hypervisor lahf_lm abm epb fsgsbase tsc_adjust bmi1 avx2 smep bmi2 invpcid xsaveopt dtherm ida arat pln pts
bugs		:
bogomips	: 4598.32
clflush size	: 64
cache_alignment	: 64
address sizes	: 42 bits physical, 48 bits virtual
power management:

processor	: 1
vendor_id	: GenuineIntel
cpu family	: 6
model		: 69
model name	: Intel(R) Core(TM) i7-4650U CPU @ 1.70GHz
stepping	: 1
microcode	: 0x17
cpu MHz		: 2299.163
cache size	: 4096 KB
physical id	: 0
siblings	: 3
core id		: 1
cpu cores	: 3
apicid		: 1
initial apicid	: 1
fpu		: yes
fpu_exception	: yes
cpuid level	: 13
wp		: yes
flags		: fpu vme de pse tsc msr pae mce cx8 apic sep mtrr pge mca cmov pat pse36 clflush dts mmx fxsr sse sse2 ss ht syscall nx pdpe1gb rdtscp lm constant_tsc arch_perfmon pebs bts nopl xtopology tsc_reliable nonstop_tsc aperfmperf pni pclmulqdq ssse3 fma cx16 pcid sse4_1 sse4_2 x2apic movbe popcnt tsc_deadline_timer aes xsave avx f16c rdrand hypervisor lahf_lm abm epb fsgsbase tsc_adjust bmi1 avx2 smep bmi2 invpcid xsaveopt dtherm ida arat pln pts
bugs		:
bogomips	: 4598.32
clflush size	: 64
cache_alignment	: 64
address sizes	: 42 bits physical, 48 bits virtual
power management:

processor	: 2
vendor_id	: GenuineIntel
cpu family	: 6
model		: 69
model name	: Intel(R) Core(TM) i7-4650U CPU @ 1.70GHz
stepping	: 1
microcode	: 0x17
cpu MHz		: 2299.163
cache size	: 4096 KB
physical id	: 0
siblings	: 3
core id		: 2
cpu cores	: 3
apicid		: 2
initial apicid	: 2
fpu		: yes
fpu_exception	: yes
cpuid level	: 13
wp		: yes
flags		: fpu vme de pse tsc msr pae mce cx8 apic sep mtrr pge mca cmov pat pse36 clflush dts mmx fxsr sse sse2 ss ht syscall nx pdpe1gb rdtscp lm constant_tsc arch_perfmon pebs bts nopl xtopology tsc_reliable nonstop_tsc aperfmperf pni pclmulqdq ssse3 fma cx16 pcid sse4_1 sse4_2 x2apic movbe popcnt tsc_deadline_timer aes xsave avx f16c rdrand hypervisor lahf_lm abm epb fsgsbase tsc_adjust bmi1 avx2 smep bmi2 invpcid xsaveopt dtherm ida arat pln pts
bugs		:
bogomips	: 4598.32
clflush size	: 64
cache_alignment	: 64
address sizes	: 42 bits physical, 48 bits virtual
power management:



Memory: 4k page, physical 994888k(142656k free), swap 969960k(486468k free)

vm_info: Java HotSpot(TM) 64-Bit Server VM (25.131-b11) for linux-amd64 JRE (1.8.0_131-b11), built on Mar 15 2017 01:23:40 by "java_re" with gcc 4.3.0 20080428 (Red Hat 4.3.0-8)

time: Sat Jun 24 14:43:01 2017
elapsed time: 0 seconds (0d 0h 0m 0s)

